<?xml version="1.0" encoding="UTF-8"?>
<!-- Generated by org.testng.reporters.JUnitXMLReporter -->
<testsuite ignored="0" hostname="HYDPCM364778L" failures="0" tests="3" name="Default test" time="6.975" errors="0" timestamp="2021-03-11T14:47:19 IST">
  <testcase classname="stepdefination.stepdefination6" name="api_for_foreign_exchange" time="0.991"/>
  <testcase classname="stepdefination.stepdefination6" name="posted_with_future_date_information" time="4.65"/>
  <testcase classname="stepdefination.stepdefination6" name="validate_positive_response_code_received" time="1.272"/>
</testsuite> <!-- Default test -->
