<?xml version="1.0" encoding="UTF-8"?>
<testng-results ignored="0" total="1" passed="1" failed="0" skipped="0">
  <reporter-output>
  </reporter-output>
  <suite started-at="2021-03-11T14:09:27 IST" name="Default suite" finished-at="2021-03-11T14:09:32 IST" duration-ms="4403">
    <groups>
    </groups>
    <test started-at="2021-03-11T14:09:27 IST" name="Default test" finished-at="2021-03-11T14:09:32 IST" duration-ms="4403">
      <class name="setup.setup">
        <test-method signature="f()[pri:0, instance:setup.setup@7c1e2a9e]" started-at="2021-03-11T14:09:27 IST" name="f" finished-at="2021-03-11T14:09:32 IST" duration-ms="4310" status="PASS">
          <reporter-output>
          </reporter-output>
        </test-method> <!-- f -->
      </class> <!-- setup.setup -->
    </test> <!-- Default test -->
  </suite> <!-- Default suite -->
</testng-results>
