<?xml version="1.0" encoding="UTF-8"?>
<!-- Generated by org.testng.reporters.JUnitXMLReporter -->
<testsuite ignored="0" hostname="HYDPCM364778L" failures="0" tests="5" name="Default test" time="9.034" errors="0" timestamp="2021-03-11T18:29:44 IST">
  <testcase classname="stepdefination.stepdefination9" name="api_for_foreign_exchange" time="1.185"/>
  <testcase classname="stepdefination.stepdefination9" name="posted_with_dataprovider" time="3.801"/>
  <testcase classname="stepdefination.stepdefination9" name="posted_with_dataprovider" time="1.704"/>
  <testcase classname="stepdefination.stepdefination9" name="validate_positive_response_code_received" time="1.175"/>
  <testcase classname="stepdefination.stepdefination9" name="validate_positive_response_code_received" time="1.065"/>
</testsuite> <!-- Default test -->
