<?xml version="1.0" encoding="UTF-8"?>
<testng-results ignored="0" total="3" passed="3" failed="0" skipped="0">
  <reporter-output>
  </reporter-output>
  <suite started-at="2021-03-11T18:08:42 IST" name="Default suite" finished-at="2021-03-11T18:08:48 IST" duration-ms="6113">
    <groups>
    </groups>
    <test started-at="2021-03-11T18:08:42 IST" name="Default test" finished-at="2021-03-11T18:08:48 IST" duration-ms="6113">
      <class name="testrunner.testrunner7">
        <test-method signature="api_for_foreign_exchange()[pri:0, instance:testrunner.testrunner7@41c2284a]" started-at="2021-03-11T18:08:42 IST" name="api_for_foreign_exchange" finished-at="2021-03-11T18:08:43 IST" duration-ms="1040" status="PASS">
          <reporter-output>
          </reporter-output>
        </test-method> <!-- api_for_foreign_exchange -->
        <test-method signature="posted_with_future_date_information()[pri:0, instance:testrunner.testrunner7@41c2284a]" started-at="2021-03-11T18:08:43 IST" name="posted_with_future_date_information" finished-at="2021-03-11T18:08:48 IST" duration-ms="5002" status="PASS">
          <reporter-output>
          </reporter-output>
        </test-method> <!-- posted_with_future_date_information -->
        <test-method signature="validate_positive_response_code_received()[pri:0, instance:testrunner.testrunner7@41c2284a]" started-at="2021-03-11T18:08:48 IST" name="validate_positive_response_code_received" finished-at="2021-03-11T18:08:48 IST" duration-ms="8" status="PASS">
          <reporter-output>
          </reporter-output>
        </test-method> <!-- validate_positive_response_code_received -->
      </class> <!-- testrunner.testrunner7 -->
    </test> <!-- Default test -->
  </suite> <!-- Default suite -->
</testng-results>
