<?xml version="1.0" encoding="UTF-8"?>
<!-- Generated by org.testng.reporters.JUnitXMLReporter -->
<testsuite ignored="0" hostname="HYDPCM364778L" failures="0" tests="3" name="Default test" time="6.698" errors="0" timestamp="2021-03-11T14:37:07 IST">
  <testcase classname="stepdefination.stepdefination4" name="api_for_foreign_exchange" time="1.233"/>
  <testcase classname="stepdefination.stepdefination4" name="posted_with_correct_information" time="3.966"/>
  <testcase classname="stepdefination.stepdefination4" name="validate_positive_response_code_received" time="1.425"/>
</testsuite> <!-- Default test -->
