<?xml version="1.0" encoding="UTF-8"?>
<!-- Generated by org.testng.reporters.JUnitXMLReporter -->
<testsuite ignored="0" hostname="HYDPCM364778L" failures="0" tests="3" name="Default test" time="5.634" errors="0" timestamp="2021-03-11T13:09:45 IST">
  <testcase classname="stepdefination.stepdefination2" name="api_for_foreign_exchange" time="1.035"/>
  <testcase classname="stepdefination.stepdefination2" name="posted_with_correct_information" time="3.51"/>
  <testcase classname="stepdefination.stepdefination2" name="validate_positive_response_code_received" time="1.02"/>
</testsuite> <!-- Default test -->
