<?xml version="1.0" encoding="UTF-8"?>
<testng-results ignored="0" total="3" passed="3" failed="0" skipped="0">
  <reporter-output>
  </reporter-output>
  <suite started-at="2021-03-11T12:58:43 IST" name="Default suite" finished-at="2021-03-11T12:58:47 IST" duration-ms="4507">
    <groups>
    </groups>
    <test started-at="2021-03-11T12:58:43 IST" name="Default test" finished-at="2021-03-11T12:58:47 IST" duration-ms="4507">
      <class name="testrunner.testrunner1">
        <test-method signature="api_for_foreign_exchange()[pri:0, instance:testrunner.testrunner1@41c2284a]" started-at="2021-03-11T12:58:43 IST" name="api_for_foreign_exchange" finished-at="2021-03-11T12:58:44 IST" duration-ms="1045" status="PASS">
          <reporter-output>
          </reporter-output>
        </test-method> <!-- api_for_foreign_exchange -->
        <test-method signature="posted_with_correct_information()[pri:0, instance:testrunner.testrunner1@41c2284a]" started-at="2021-03-11T12:58:44 IST" name="posted_with_correct_information" finished-at="2021-03-11T12:58:47 IST" duration-ms="3385" status="PASS">
          <reporter-output>
          </reporter-output>
        </test-method> <!-- posted_with_correct_information -->
        <test-method signature="validate_positive_response_code_received()[pri:0, instance:testrunner.testrunner1@41c2284a]" started-at="2021-03-11T12:58:47 IST" name="validate_positive_response_code_received" finished-at="2021-03-11T12:58:47 IST" duration-ms="5" status="PASS">
          <reporter-output>
          </reporter-output>
        </test-method> <!-- validate_positive_response_code_received -->
      </class> <!-- testrunner.testrunner1 -->
    </test> <!-- Default test -->
  </suite> <!-- Default suite -->
</testng-results>
