<?xml version="1.0" encoding="UTF-8"?>
<!-- Generated by org.testng.reporters.JUnitXMLReporter -->
<testsuite ignored="0" hostname="HYDPCM364778L" failures="0" tests="7" name="Default test" time="12.591" errors="0" timestamp="2021-03-11T18:22:20 IST">
  <testcase classname="stepdefination.stepdefination8" name="api_for_foreign_exchange" time="1.154"/>
  <testcase classname="stepdefination.stepdefination8" name="posted_with_parameters" time="3.787"/>
  <testcase classname="stepdefination.stepdefination8" name="posted_with_parameters" time="1.494"/>
  <testcase classname="stepdefination.stepdefination8" name="posted_with_parameters" time="2.038"/>
  <testcase classname="stepdefination.stepdefination8" name="validate_positive_response_code_received" time="1.221"/>
  <testcase classname="stepdefination.stepdefination8" name="validate_positive_response_code_received" time="1.514"/>
  <testcase classname="stepdefination.stepdefination8" name="validate_positive_response_code_received" time="1.247"/>
</testsuite> <!-- Default test -->
