<?xml version="1.0" encoding="UTF-8"?>
<testng-results ignored="0" total="5" passed="5" failed="0" skipped="0">
  <reporter-output>
  </reporter-output>
  <suite started-at="2021-03-11T18:29:35 IST" name="Default suite" finished-at="2021-03-11T18:29:44 IST" duration-ms="9034">
    <groups>
    </groups>
    <test started-at="2021-03-11T18:29:35 IST" name="Default test" finished-at="2021-03-11T18:29:44 IST" duration-ms="9034">
      <class name="restrunner9.testrunner9">
        <test-method signature="api_for_foreign_exchange()[pri:0, instance:restrunner9.testrunner9@770d3326]" started-at="2021-03-11T18:29:35 IST" name="api_for_foreign_exchange" finished-at="2021-03-11T18:29:36 IST" duration-ms="1185" status="PASS">
          <reporter-output>
          </reporter-output>
        </test-method> <!-- api_for_foreign_exchange -->
        <test-method signature="posted_with_dataprovider(java.lang.String, java.lang.String, java.lang.String)[pri:0, instance:restrunner9.testrunner9@770d3326]" started-at="2021-03-11T18:29:36 IST" name="posted_with_dataprovider" data-provider="date" finished-at="2021-03-11T18:29:40 IST" duration-ms="3801" status="PASS">
          <params>
            <param index="0">
              <value>
                <![CDATA[2019]]>
              </value>
            </param>
            <param index="1">
              <value>
                <![CDATA[10]]>
              </value>
            </param>
            <param index="2">
              <value>
                <![CDATA[16]]>
              </value>
            </param>
          </params>
          <reporter-output>
          </reporter-output>
        </test-method> <!-- posted_with_dataprovider -->
        <test-method signature="posted_with_dataprovider(java.lang.String, java.lang.String, java.lang.String)[pri:0, instance:restrunner9.testrunner9@770d3326]" started-at="2021-03-11T18:29:40 IST" name="posted_with_dataprovider" data-provider="date" finished-at="2021-03-11T18:29:42 IST" duration-ms="1704" status="PASS">
          <params>
            <param index="0">
              <value>
                <![CDATA[2020]]>
              </value>
            </param>
            <param index="1">
              <value>
                <![CDATA[01]]>
              </value>
            </param>
            <param index="2">
              <value>
                <![CDATA[07]]>
              </value>
            </param>
          </params>
          <reporter-output>
          </reporter-output>
        </test-method> <!-- posted_with_dataprovider -->
        <test-method signature="validate_positive_response_code_received(java.lang.String, java.lang.String, java.lang.String)[pri:0, instance:restrunner9.testrunner9@770d3326]" started-at="2021-03-11T18:29:42 IST" name="validate_positive_response_code_received" data-provider="date" finished-at="2021-03-11T18:29:43 IST" duration-ms="1175" status="PASS">
          <params>
            <param index="0">
              <value>
                <![CDATA[2019]]>
              </value>
            </param>
            <param index="1">
              <value>
                <![CDATA[10]]>
              </value>
            </param>
            <param index="2">
              <value>
                <![CDATA[16]]>
              </value>
            </param>
          </params>
          <reporter-output>
          </reporter-output>
        </test-method> <!-- validate_positive_response_code_received -->
        <test-method signature="validate_positive_response_code_received(java.lang.String, java.lang.String, java.lang.String)[pri:0, instance:restrunner9.testrunner9@770d3326]" started-at="2021-03-11T18:29:43 IST" name="validate_positive_response_code_received" data-provider="date" finished-at="2021-03-11T18:29:44 IST" duration-ms="1065" status="PASS">
          <params>
            <param index="0">
              <value>
                <![CDATA[2020]]>
              </value>
            </param>
            <param index="1">
              <value>
                <![CDATA[01]]>
              </value>
            </param>
            <param index="2">
              <value>
                <![CDATA[07]]>
              </value>
            </param>
          </params>
          <reporter-output>
          </reporter-output>
        </test-method> <!-- validate_positive_response_code_received -->
      </class> <!-- restrunner9.testrunner9 -->
    </test> <!-- Default test -->
  </suite> <!-- Default suite -->
</testng-results>
