<?xml version="1.0" encoding="UTF-8"?>
<!-- Generated by org.testng.reporters.JUnitXMLReporter -->
<testsuite ignored="0" hostname="HYDPCM364778L" failures="0" tests="3" name="Default test" time="6.113" errors="0" timestamp="2021-03-11T18:08:48 IST">
  <testcase classname="stepdefination.stepdefination7" name="api_for_foreign_exchange" time="1.04"/>
  <testcase classname="stepdefination.stepdefination7" name="posted_with_future_date_information" time="5.002"/>
  <testcase classname="stepdefination.stepdefination7" name="validate_positive_response_code_received" time="0.008"/>
</testsuite> <!-- Default test -->
