<?xml version="1.0" encoding="UTF-8"?>
<!-- Generated by org.testng.reporters.JUnitXMLReporter -->
<testsuite ignored="0" hostname="HYDPCM364778L" failures="0" tests="3" name="Default test" time="5.981" errors="0" timestamp="2021-03-11T14:19:39 IST">
  <testcase classname="stepdefination.stepdefination5" name="api_for_foreign_exchange" time="0.013"/>
  <testcase classname="stepdefination.stepdefination5" name="posted_with_correct_information" time="5.886"/>
  <testcase classname="stepdefination.stepdefination5" name="validate_positive_response_code_received" time="0.01"/>
</testsuite> <!-- Default test -->
